<?xml version="1.0" encoding="UTF-8"?>
<testsuite xmlns:xsi="http://www.w3.org/2001/XMLSchema-instance" xsi:noNamespaceSchemaLocation="https://maven.apache.org/surefire/maven-surefire-plugin/xsd/surefire-test-report.xsd" version="3.0.1" name="com.myapp.utils.RouteExporterTest" time="0.043" tests="2" errors="0" skipped="0" failures="0">
  <properties>
[...]
</properties>
  <testcase name="exportToJson_writesExpectedStructure" classname="com.myapp.utils.RouteExporterTest" time="0.028"/>
  <testcase name="exportToGPX_writesGpxTemplateAndPoints" classname="com.myapp.utils.RouteExporterTest" time="0.009"/>
</testsuite>