<?xml version="1.0" encoding="UTF-8"?>
<testsuite xmlns:xsi="http://www.w3.org/2001/XMLSchema-instance" xsi:noNamespaceSchemaLocation="https://maven.apache.org/surefire/maven-surefire-plugin/xsd/surefire-test-report.xsd" version="3.0.1" name="com.myapp.model.ElevationProfileTest" time="0.003" tests="3" errors="0" skipped="0" failures="0">
  <properties>
[...]
</properties>
  <testcase name="constructor_calculatesStatistics" classname="com.myapp.model.ElevationProfileTest" time="0.002"/>
  <testcase name="getElevations_returnsOriginalList" classname="com.myapp.model.ElevationProfileTest" time="0.0"/>
  <testcase name="getDistances_returnsOriginalList" classname="com.myapp.model.ElevationProfileTest" time="0.0"/>
</testsuite>